This is pdfTeX, Version 3.14159265-2.6-1.40.16 (TeX Live 2015) (preloaded format=pdflatex 2015.5.24)  30 OCT 2017 02:36
entering extended mode
 restricted \write18 enabled.
 file:line:error style messages enabled.
 %&-line parsing enabled.
**31L.tex
(./31L.tex
LaTeX2e <2015/01/01>
Babel <3.9l> and hyphenation patterns for 79 languages loaded.
(/usr/local/texlive/2015/texmf-dist/tex/latex/base/article.cls
Document Class: article 2014/09/29 v1.4h Standard LaTeX document class
(/usr/local/texlive/2015/texmf-dist/tex/latex/base/size10.clo
File: size10.clo 2014/09/29 v1.4h Standard LaTeX file (size option)
)
\c@part=\count79
\c@section=\count80
\c@subsection=\count81
\c@subsubsection=\count82
\c@paragraph=\count83
\c@subparagraph=\count84
\c@figure=\count85
\c@table=\count86
\abovecaptionskip=\skip41
\belowcaptionskip=\skip42
\bibindent=\dimen102
)
(/usr/local/texlive/2015/texmf-dist/tex/latex/graphics/graphicx.sty
Package: graphicx 2014/10/28 v1.0g Enhanced LaTeX Graphics (DPC,SPQR)

(/usr/local/texlive/2015/texmf-dist/tex/latex/graphics/keyval.sty
Package: keyval 2014/10/28 v1.15 key=value parser (DPC)
\KV@toks@=\toks14
)
(/usr/local/texlive/2015/texmf-dist/tex/latex/graphics/graphics.sty
Package: graphics 2014/10/28 v1.0p Standard LaTeX Graphics (DPC,SPQR)

(/usr/local/texlive/2015/texmf-dist/tex/latex/graphics/trig.sty
Package: trig 1999/03/16 v1.09 sin cos tan (DPC)
)
(/usr/local/texlive/2015/texmf-dist/tex/latex/latexconfig/graphics.cfg
File: graphics.cfg 2010/04/23 v1.9 graphics configuration of TeX Live
)
Package graphics Info: Driver file: pdftex.def on input line 94.

(/usr/local/texlive/2015/texmf-dist/tex/latex/pdftex-def/pdftex.def
File: pdftex.def 2011/05/27 v0.06d Graphics/color for pdfTeX

(/usr/local/texlive/2015/texmf-dist/tex/generic/oberdiek/infwarerr.sty
Package: infwarerr 2010/04/08 v1.3 Providing info/warning/error messages (HO)
)
(/usr/local/texlive/2015/texmf-dist/tex/generic/oberdiek/ltxcmds.sty
Package: ltxcmds 2011/11/09 v1.22 LaTeX kernel commands for general use (HO)
)
\Gread@gobject=\count87
))
\Gin@req@height=\dimen103
\Gin@req@width=\dimen104
)
(/usr/local/texlive/2015/texmf-dist/tex/latex/base/inputenc.sty
Package: inputenc 2015/03/17 v1.2c Input encoding file
\inpenc@prehook=\toks15
\inpenc@posthook=\toks16

(/usr/local/texlive/2015/texmf-dist/tex/latex/base/utf8.def
File: utf8.def 2014/09/29 v1.1m UTF-8 support for inputenc
Now handling font encoding OML ...
... no UTF-8 mapping file for font encoding OML
Now handling font encoding T1 ...
... processing UTF-8 mapping file for font encoding T1

(/usr/local/texlive/2015/texmf-dist/tex/latex/base/t1enc.dfu
File: t1enc.dfu 2014/09/29 v1.1m UTF-8 support for inputenc
   defining Unicode char U+00A1 (decimal 161)
   defining Unicode char U+00A3 (decimal 163)
   defining Unicode char U+00AB (decimal 171)
   defining Unicode char U+00BB (decimal 187)
   defining Unicode char U+00BF (decimal 191)
   defining Unicode char U+00C0 (decimal 192)
   defining Unicode char U+00C1 (decimal 193)
   defining Unicode char U+00C2 (decimal 194)
   defining Unicode char U+00C3 (decimal 195)
   defining Unicode char U+00C4 (decimal 196)
   defining Unicode char U+00C5 (decimal 197)
   defining Unicode char U+00C6 (decimal 198)
   defining Unicode char U+00C7 (decimal 199)
   defining Unicode char U+00C8 (decimal 200)
   defining Unicode char U+00C9 (decimal 201)
   defining Unicode char U+00CA (decimal 202)
   defining Unicode char U+00CB (decimal 203)
   defining Unicode char U+00CC (decimal 204)
   defining Unicode char U+00CD (decimal 205)
   defining Unicode char U+00CE (decimal 206)
   defining Unicode char U+00CF (decimal 207)
   defining Unicode char U+00D0 (decimal 208)
   defining Unicode char U+00D1 (decimal 209)
   defining Unicode char U+00D2 (decimal 210)
   defining Unicode char U+00D3 (decimal 211)
   defining Unicode char U+00D4 (decimal 212)
   defining Unicode char U+00D5 (decimal 213)
   defining Unicode char U+00D6 (decimal 214)
   defining Unicode char U+00D8 (decimal 216)
   defining Unicode char U+00D9 (decimal 217)
   defining Unicode char U+00DA (decimal 218)
   defining Unicode char U+00DB (decimal 219)
   defining Unicode char U+00DC (decimal 220)
   defining Unicode char U+00DD (decimal 221)
   defining Unicode char U+00DE (decimal 222)
   defining Unicode char U+00DF (decimal 223)
   defining Unicode char U+00E0 (decimal 224)
   defining Unicode char U+00E1 (decimal 225)
   defining Unicode char U+00E2 (decimal 226)
   defining Unicode char U+00E3 (decimal 227)
   defining Unicode char U+00E4 (decimal 228)
   defining Unicode char U+00E5 (decimal 229)
   defining Unicode char U+00E6 (decimal 230)
   defining Unicode char U+00E7 (decimal 231)
   defining Unicode char U+00E8 (decimal 232)
   defining Unicode char U+00E9 (decimal 233)
   defining Unicode char U+00EA (decimal 234)
   defining Unicode char U+00EB (decimal 235)
   defining Unicode char U+00EC (decimal 236)
   defining Unicode char U+00ED (decimal 237)
   defining Unicode char U+00EE (decimal 238)
   defining Unicode char U+00EF (decimal 239)
   defining Unicode char U+00F0 (decimal 240)
   defining Unicode char U+00F1 (decimal 241)
   defining Unicode char U+00F2 (decimal 242)
   defining Unicode char U+00F3 (decimal 243)
   defining Unicode char U+00F4 (decimal 244)
   defining Unicode char U+00F5 (decimal 245)
   defining Unicode char U+00F6 (decimal 246)
   defining Unicode char U+00F8 (decimal 248)
   defining Unicode char U+00F9 (decimal 249)
   defining Unicode char U+00FA (decimal 250)
   defining Unicode char U+00FB (decimal 251)
   defining Unicode char U+00FC (decimal 252)
   defining Unicode char U+00FD (decimal 253)
   defining Unicode char U+00FE (decimal 254)
   defining Unicode char U+00FF (decimal 255)
   defining Unicode char U+0102 (decimal 258)
   defining Unicode char U+0103 (decimal 259)
   defining Unicode char U+0104 (decimal 260)
   defining Unicode char U+0105 (decimal 261)
   defining Unicode char U+0106 (decimal 262)
   defining Unicode char U+0107 (decimal 263)
   defining Unicode char U+010C (decimal 268)
   defining Unicode char U+010D (decimal 269)
   defining Unicode char U+010E (decimal 270)
   defining Unicode char U+010F (decimal 271)
   defining Unicode char U+0110 (decimal 272)
   defining Unicode char U+0111 (decimal 273)
   defining Unicode char U+0118 (decimal 280)
   defining Unicode char U+0119 (decimal 281)
   defining Unicode char U+011A (decimal 282)
   defining Unicode char U+011B (decimal 283)
   defining Unicode char U+011E (decimal 286)
   defining Unicode char U+011F (decimal 287)
   defining Unicode char U+0130 (decimal 304)
   defining Unicode char U+0131 (decimal 305)
   defining Unicode char U+0132 (decimal 306)
   defining Unicode char U+0133 (decimal 307)
   defining Unicode char U+0139 (decimal 313)
   defining Unicode char U+013A (decimal 314)
   defining Unicode char U+013D (decimal 317)
   defining Unicode char U+013E (decimal 318)
   defining Unicode char U+0141 (decimal 321)
   defining Unicode char U+0142 (decimal 322)
   defining Unicode char U+0143 (decimal 323)
   defining Unicode char U+0144 (decimal 324)
   defining Unicode char U+0147 (decimal 327)
   defining Unicode char U+0148 (decimal 328)
   defining Unicode char U+014A (decimal 330)
   defining Unicode char U+014B (decimal 331)
   defining Unicode char U+0150 (decimal 336)
   defining Unicode char U+0151 (decimal 337)
   defining Unicode char U+0152 (decimal 338)
   defining Unicode char U+0153 (decimal 339)
   defining Unicode char U+0154 (decimal 340)
   defining Unicode char U+0155 (decimal 341)
   defining Unicode char U+0158 (decimal 344)
   defining Unicode char U+0159 (decimal 345)
   defining Unicode char U+015A (decimal 346)
   defining Unicode char U+015B (decimal 347)
   defining Unicode char U+015E (decimal 350)
   defining Unicode char U+015F (decimal 351)
   defining Unicode char U+0160 (decimal 352)
   defining Unicode char U+0161 (decimal 353)
   defining Unicode char U+0162 (decimal 354)
   defining Unicode char U+0163 (decimal 355)
   defining Unicode char U+0164 (decimal 356)
   defining Unicode char U+0165 (decimal 357)
   defining Unicode char U+016E (decimal 366)
   defining Unicode char U+016F (decimal 367)
   defining Unicode char U+0170 (decimal 368)
   defining Unicode char U+0171 (decimal 369)
   defining Unicode char U+0178 (decimal 376)
   defining Unicode char U+0179 (decimal 377)
   defining Unicode char U+017A (decimal 378)
   defining Unicode char U+017B (decimal 379)
   defining Unicode char U+017C (decimal 380)
   defining Unicode char U+017D (decimal 381)
   defining Unicode char U+017E (decimal 382)
   defining Unicode char U+200C (decimal 8204)
   defining Unicode char U+2013 (decimal 8211)
   defining Unicode char U+2014 (decimal 8212)
   defining Unicode char U+2018 (decimal 8216)
   defining Unicode char U+2019 (decimal 8217)
   defining Unicode char U+201A (decimal 8218)
   defining Unicode char U+201C (decimal 8220)
   defining Unicode char U+201D (decimal 8221)
   defining Unicode char U+201E (decimal 8222)
   defining Unicode char U+2030 (decimal 8240)
   defining Unicode char U+2031 (decimal 8241)
   defining Unicode char U+2039 (decimal 8249)
   defining Unicode char U+203A (decimal 8250)
   defining Unicode char U+2423 (decimal 9251)
)
Now handling font encoding OT1 ...
... processing UTF-8 mapping file for font encoding OT1

(/usr/local/texlive/2015/texmf-dist/tex/latex/base/ot1enc.dfu
File: ot1enc.dfu 2014/09/29 v1.1m UTF-8 support for inputenc
   defining Unicode char U+00A1 (decimal 161)
   defining Unicode char U+00A3 (decimal 163)
   defining Unicode char U+00B8 (decimal 184)
   defining Unicode char U+00BF (decimal 191)
   defining Unicode char U+00C5 (decimal 197)
   defining Unicode char U+00C6 (decimal 198)
   defining Unicode char U+00D8 (decimal 216)
   defining Unicode char U+00DF (decimal 223)
   defining Unicode char U+00E6 (decimal 230)
   defining Unicode char U+00EC (decimal 236)
   defining Unicode char U+00ED (decimal 237)
   defining Unicode char U+00EE (decimal 238)
   defining Unicode char U+00EF (decimal 239)
   defining Unicode char U+00F8 (decimal 248)
   defining Unicode char U+0131 (decimal 305)
   defining Unicode char U+0141 (decimal 321)
   defining Unicode char U+0142 (decimal 322)
   defining Unicode char U+0152 (decimal 338)
   defining Unicode char U+0153 (decimal 339)
   defining Unicode char U+2013 (decimal 8211)
   defining Unicode char U+2014 (decimal 8212)
   defining Unicode char U+2018 (decimal 8216)
   defining Unicode char U+2019 (decimal 8217)
   defining Unicode char U+201C (decimal 8220)
   defining Unicode char U+201D (decimal 8221)
)
Now handling font encoding OMS ...
... processing UTF-8 mapping file for font encoding OMS

(/usr/local/texlive/2015/texmf-dist/tex/latex/base/omsenc.dfu
File: omsenc.dfu 2014/09/29 v1.1m UTF-8 support for inputenc
   defining Unicode char U+00A7 (decimal 167)
   defining Unicode char U+00B6 (decimal 182)
   defining Unicode char U+00B7 (decimal 183)
   defining Unicode char U+2020 (decimal 8224)
   defining Unicode char U+2021 (decimal 8225)
   defining Unicode char U+2022 (decimal 8226)
)
Now handling font encoding OMX ...
... no UTF-8 mapping file for font encoding OMX
Now handling font encoding U ...
... no UTF-8 mapping file for font encoding U
   defining Unicode char U+00A9 (decimal 169)
   defining Unicode char U+00AA (decimal 170)
   defining Unicode char U+00AE (decimal 174)
   defining Unicode char U+00BA (decimal 186)
   defining Unicode char U+02C6 (decimal 710)
   defining Unicode char U+02DC (decimal 732)
   defining Unicode char U+200C (decimal 8204)
   defining Unicode char U+2026 (decimal 8230)
   defining Unicode char U+2122 (decimal 8482)
   defining Unicode char U+2423 (decimal 9251)
))
No file 31L.aux.
\openout1 = `31L.aux'.

LaTeX Font Info:    Checking defaults for OML/cmm/m/it on input line 10.
LaTeX Font Info:    ... okay on input line 10.
LaTeX Font Info:    Checking defaults for T1/cmr/m/n on input line 10.
LaTeX Font Info:    ... okay on input line 10.
LaTeX Font Info:    Checking defaults for OT1/cmr/m/n on input line 10.
LaTeX Font Info:    ... okay on input line 10.
LaTeX Font Info:    Checking defaults for OMS/cmsy/m/n on input line 10.
LaTeX Font Info:    ... okay on input line 10.
LaTeX Font Info:    Checking defaults for OMX/cmex/m/n on input line 10.
LaTeX Font Info:    ... okay on input line 10.
LaTeX Font Info:    Checking defaults for U/cmr/m/n on input line 10.
LaTeX Font Info:    ... okay on input line 10.
(/usr/local/texlive/2015/texmf-dist/tex/context/base/supp-pdf.mkii
[Loading MPS to PDF converter (version 2006.09.02).]
\scratchcounter=\count88
\scratchdimen=\dimen105
\scratchbox=\box26
\nofMPsegments=\count89
\nofMParguments=\count90
\everyMPshowfont=\toks17
\MPscratchCnt=\count91
\MPscratchDim=\dimen106
\MPnumerator=\count92
\makeMPintoPDFobject=\count93
\everyMPtoPDFconversion=\toks18
) (/usr/local/texlive/2015/texmf-dist/tex/generic/oberdiek/pdftexcmds.sty
Package: pdftexcmds 2011/11/29 v0.20 Utility functions of pdfTeX for LuaTeX (HO
)

(/usr/local/texlive/2015/texmf-dist/tex/generic/oberdiek/ifluatex.sty
Package: ifluatex 2010/03/01 v1.3 Provides the ifluatex switch (HO)
Package ifluatex Info: LuaTeX not detected.
)
(/usr/local/texlive/2015/texmf-dist/tex/generic/oberdiek/ifpdf.sty
Package: ifpdf 2011/01/30 v2.3 Provides the ifpdf switch (HO)
Package ifpdf Info: pdfTeX in PDF mode is detected.
)
Package pdftexcmds Info: LuaTeX not detected.
Package pdftexcmds Info: \pdf@primitive is available.
Package pdftexcmds Info: \pdf@ifprimitive is available.
Package pdftexcmds Info: \pdfdraftmode found.
)
(/usr/local/texlive/2015/texmf-dist/tex/latex/oberdiek/epstopdf-base.sty
Package: epstopdf-base 2010/02/09 v2.5 Base part for package epstopdf

(/usr/local/texlive/2015/texmf-dist/tex/latex/oberdiek/grfext.sty
Package: grfext 2010/08/19 v1.1 Manage graphics extensions (HO)

(/usr/local/texlive/2015/texmf-dist/tex/generic/oberdiek/kvdefinekeys.sty
Package: kvdefinekeys 2011/04/07 v1.3 Define keys (HO)
))
(/usr/local/texlive/2015/texmf-dist/tex/latex/oberdiek/kvoptions.sty
Package: kvoptions 2011/06/30 v3.11 Key value format for package options (HO)

(/usr/local/texlive/2015/texmf-dist/tex/generic/oberdiek/kvsetkeys.sty
Package: kvsetkeys 2012/04/25 v1.16 Key value parser (HO)

(/usr/local/texlive/2015/texmf-dist/tex/generic/oberdiek/etexcmds.sty
Package: etexcmds 2011/02/16 v1.5 Avoid name clashes with e-TeX commands (HO)
Package etexcmds Info: Could not find \expanded.
(etexcmds)             That can mean that you are not using pdfTeX 1.50 or
(etexcmds)             that some package has redefined \expanded.
(etexcmds)             In the latter case, load this package earlier.
)))
Package grfext Info: Graphics extension search list:
(grfext)             [.png,.pdf,.jpg,.mps,.jpeg,.jbig2,.jb2,.PNG,.PDF,.JPG,.JPE
G,.JBIG2,.JB2,.eps]
(grfext)             \AppendGraphicsExtensions on input line 452.

(/usr/local/texlive/2015/texmf-dist/tex/latex/latexconfig/epstopdf-sys.cfg
File: epstopdf-sys.cfg 2010/07/13 v1.3 Configuration of (r)epstopdf for TeX Liv
e
))
LaTeX Font Info:    External font `cmex10' loaded for size
(Font)              <12> on input line 12.
LaTeX Font Info:    External font `cmex10' loaded for size
(Font)              <8> on input line 12.
LaTeX Font Info:    External font `cmex10' loaded for size
(Font)              <6> on input line 12.

Overfull \hbox (65.23894pt too wide) in paragraph at lines 12--12
 [][] 
 []

<photos/ALUBlockDiagram.png, id=1, 675.52374pt x 477.785pt>
File: photos/ALUBlockDiagram.png Graphic file (type png)

<use photos/ALUBlockDiagram.png>
Package pdftex.def Info: photos/ALUBlockDiagram.png used on input line 19.
(pdftex.def)             Requested size: 337.76105pt x 238.8919pt.

Underfull \hbox (badness 1281) in paragraph at lines 19--21
[] 
 []


Underfull \hbox (badness 10000) in paragraph at lines 19--21

 []

[1

{/usr/local/texlive/2015/texmf-var/fonts/map/pdftex/updmap/pdftex.map}]
<photos/32bit_adder_code.png, id=12, 443.78297pt x 400.49625pt>
File: photos/32bit_adder_code.png Graphic file (type png)

<use photos/32bit_adder_code.png>
Package pdftex.def Info: photos/32bit_adder_code.png used on input line 26.
(pdftex.def)             Requested size: 221.89095pt x 200.24763pt.

<photos/32bit_adder_boundary1.png, id=13, 1624.0675pt x 1158.3275pt>
File: photos/32bit_adder_boundary1.png Graphic file (type png)

<use photos/32bit_adder_boundary1.png>
Package pdftex.def Info: photos/32bit_adder_boundary1.png used on input line 28
.
(pdftex.def)             Requested size: 389.78416pt x 278.00427pt.

<photos/32bit_adder_boundary2.png, id=14, 1451.4225pt x 1065.9825pt>
File: photos/32bit_adder_boundary2.png Graphic file (type png)

<use photos/32bit_adder_boundary2.png>
Package pdftex.def Info: photos/32bit_adder_boundary2.png used on input line 30
.
(pdftex.def)             Requested size: 348.34853pt x 255.84102pt.

Underfull \hbox (badness 10000) in paragraph at lines 26--32
[] 
 []


Overfull \hbox (44.78416pt too wide) in paragraph at lines 26--32
[]
 []


Underfull \hbox (badness 10000) in paragraph at lines 26--32

 []


Overfull \hbox (3.34853pt too wide) in paragraph at lines 26--32
[]
 []


Underfull \hbox (badness 10000) in paragraph at lines 26--32

 []


Underfull \hbox (badness 10000) in paragraph at lines 26--32

 []

[2 <./photos/ALUBlockDiagram.png>] [3 <./photos/32bit_adder_code.png> <./photos
/32bit_adder_boundary1.png>]
LaTeX Font Info:    Try loading font information for OMS+cmr on input line 33.

(/usr/local/texlive/2015/texmf-dist/tex/latex/base/omscmr.fd
File: omscmr.fd 2014/09/29 v2.5h Standard LaTeX font definitions
)
LaTeX Font Info:    Font shape `OMS/cmr/m/n' in size <10> not available
(Font)              Font shape `OMS/cmsy/m/n' tried instead on input line 33.

<photos/subtractor_code.png, id=24, 392.96812pt x 518.3114pt>
File: photos/subtractor_code.png Graphic file (type png)

<use photos/subtractor_code.png>
Package pdftex.def Info: photos/subtractor_code.png used on input line 36.
(pdftex.def)             Requested size: 196.48357pt x 259.15506pt.

<photos/subtractor_simulation.png, id=25, 847.29047pt x 229.2314pt>
File: photos/subtractor_simulation.png Graphic file (type png)

<use photos/subtractor_simulation.png>
Package pdftex.def Info: photos/subtractor_simulation.png used on input line 38
.
(pdftex.def)             Requested size: 347.39134pt x 93.98547pt.

Underfull \hbox (badness 10000) in paragraph at lines 36--42
[] 
 []


Overfull \hbox (2.39134pt too wide) in paragraph at lines 36--42
[]
 []


Underfull \hbox (badness 10000) in paragraph at lines 36--42

 []

[4 <./photos/32bit_adder_boundary2.png>]
<photos/increment.png, id=31, 383.18156pt x 387.32204pt>
File: photos/increment.png Graphic file (type png)

<use photos/increment.png>
Package pdftex.def Info: photos/increment.png used on input line 44.
(pdftex.def)             Requested size: 191.5903pt x 193.66054pt.

<photos/increment_simulation.png, id=32, 715.92468pt x 132.8714pt>
File: photos/increment_simulation.png Graphic file (type png)

<use photos/increment_simulation.png>
Package pdftex.def Info: photos/increment_simulation.png used on input line 46.

(pdftex.def)             Requested size: 350.80615pt x 65.10754pt.

Underfull \hbox (badness 10000) in paragraph at lines 44--49
[] 
 []


Overfull \hbox (5.80615pt too wide) in paragraph at lines 44--49
[]
 []


Underfull \hbox (badness 10000) in paragraph at lines 44--49

 []

[5 <./photos/subtractor_code.png> <./photos/subtractor_simulation.png>]
<photos/decrement.png, id=38, 254.9525pt x 138.5175pt>
File: photos/decrement.png Graphic file (type png)

<use photos/decrement.png>
Package pdftex.def Info: photos/decrement.png used on input line 51.
(pdftex.def)             Requested size: 127.47592pt x 69.25858pt.

<photos/decrement_simulation.png, id=39, 699.73921pt x 154.70297pt>
File: photos/decrement_simulation.png Graphic file (type png)

<use photos/decrement_simulation.png>
Package pdftex.def Info: photos/decrement_simulation.png used on input line 53.

(pdftex.def)             Requested size: 349.86874pt x 77.35129pt.

Underfull \hbox (badness 10000) in paragraph at lines 51--56
[] 
 []


Overfull \hbox (4.86874pt too wide) in paragraph at lines 51--56
[]
 []


Underfull \hbox (badness 10000) in paragraph at lines 51--56

 []

[6 <./photos/increment.png> <./photos/increment_simulation.png> <./photos/decre
ment.png> <./photos/decrement_simulation.png>]
<photos/move.png, id=47, 295.1025pt x 137.51375pt>
File: photos/move.png Graphic file (type png)
 <use photos/move.png>
Package pdftex.def Info: photos/move.png used on input line 58.
(pdftex.def)             Requested size: 147.55087pt x 68.7567pt.

<photos/move_simulation.png, id=48, 705.00891pt x 137.7647pt>
File: photos/move_simulation.png Graphic file (type png)

<use photos/move_simulation.png>
Package pdftex.def Info: photos/move_simulation.png used on input line 60.
(pdftex.def)             Requested size: 352.50359pt x 68.88217pt.

Underfull \hbox (badness 10000) in paragraph at lines 58--63
[] 
 []


Overfull \hbox (7.50359pt too wide) in paragraph at lines 58--63
[]
 []


Underfull \hbox (badness 10000) in paragraph at lines 58--63

 []

<photos/shleft_code.png, id=49, 279.66985pt x 396.7322pt>
File: photos/shleft_code.png Graphic file (type png)

<use photos/shleft_code.png>
Package pdftex.def Info: photos/shleft_code.png used on input line 65.
(pdftex.def)             Requested size: 139.83456pt x 198.3656pt.

<photos/shleft_simulation.png, id=50, 692.5875pt x 128.73094pt>
File: photos/shleft_simulation.png Graphic file (type png)

<use photos/shleft_simulation.png>
Package pdftex.def Info: photos/shleft_simulation.png used on input line 67.
(pdftex.def)             Requested size: 346.2929pt x 64.3653pt.

Underfull \hbox (badness 10000) in paragraph at lines 65--70
[] 
 []


Overfull \hbox (1.2929pt too wide) in paragraph at lines 65--70
[]
 []


Underfull \hbox (badness 10000) in paragraph at lines 65--70

 []

[7 <./photos/move.png> <./photos/move_simulation.png> <./photos/shleft_code.png
>] <photos/SIMDadd_code.png, id=58, 364.36125pt x 240.52359pt>
File: photos/SIMDadd_code.png Graphic file (type png)

<use photos/SIMDadd_code.png>
Package pdftex.def Info: photos/SIMDadd_code.png used on input line 72.
(pdftex.def)             Requested size: 182.18018pt x 120.26149pt.

<photos/simdadd_simulation.png, id=59, 704.6325pt x 159.97266pt>
File: photos/simdadd_simulation.png Graphic file (type png)

<use photos/simdadd_simulation.png>
Package pdftex.def Info: photos/simdadd_simulation.png used on input line 74.
(pdftex.def)             Requested size: 352.3154pt x 79.98611pt.

Underfull \hbox (badness 10000) in paragraph at lines 72--78
[] 
 []


Overfull \hbox (7.3154pt too wide) in paragraph at lines 72--78
[]
 []


Underfull \hbox (badness 10000) in paragraph at lines 72--78

 []

<photos/and_code.png, id=60, 258.9675pt x 362.47922pt>
File: photos/and_code.png Graphic file (type png)

<use photos/and_code.png>
Package pdftex.def Info: photos/and_code.png used on input line 80.
(pdftex.def)             Requested size: 129.48341pt x 181.23915pt.

<photos/and_simulation.png, id=61, 848.4197pt x 208.52907pt>
File: photos/and_simulation.png Graphic file (type png)

<use photos/and_simulation.png>
Package pdftex.def Info: photos/and_simulation.png used on input line 82.
(pdftex.def)             Requested size: 339.36186pt x 83.41014pt.

Underfull \hbox (badness 10000) in paragraph at lines 80--85
[] 
 []

[8 <./photos/shleft_simulation.png> <./photos/SIMDadd_code.png> <./photos/simda
dd_simulation.png>] <photos/or_code.png, id=68, 280.79906pt x 379.7939pt>
File: photos/or_code.png Graphic file (type png)

<use photos/or_code.png>
Package pdftex.def Info: photos/or_code.png used on input line 87.
(pdftex.def)             Requested size: 140.39919pt x 189.89648pt.

<photos/or_simulation.png, id=69, 848.7961pt x 225.46735pt>
File: photos/or_simulation.png Graphic file (type png)

<use photos/or_simulation.png>
Package pdftex.def Info: photos/or_simulation.png used on input line 89.
(pdftex.def)             Requested size: 339.51242pt x 90.18533pt.

Underfull \hbox (badness 10000) in paragraph at lines 87--92
[] 
 []

[9 <./photos/and_code.png> <./photos/and_simulation.png>]
<photos/xor_code.png, id=75, 294.72609pt x 101.25328pt>
File: photos/xor_code.png Graphic file (type png)

<use photos/xor_code.png>
Package pdftex.def Info: photos/xor_code.png used on input line 94.
(pdftex.def)             Requested size: 147.36269pt x 50.6265pt.

<photos/xor_simulation.png, id=76, 845.40843pt x 164.48953pt>
File: photos/xor_simulation.png Graphic file (type png)

<use photos/xor_simulation.png>
Package pdftex.def Info: photos/xor_simulation.png used on input line 96.
(pdftex.def)             Requested size: 338.15738pt x 65.79463pt.

Underfull \hbox (badness 10000) in paragraph at lines 94--99
[] 
 []

[10 <./photos/or_code.png> <./photos/or_simulation.png> <./photos/xor_code.png>
 <./photos/xor_simulation.png>]
<photos/complementer_code.png, id=84, 371.88937pt x 545.41266pt>
File: photos/complementer_code.png Graphic file (type png)

<use photos/complementer_code.png>
Package pdftex.def Info: photos/complementer_code.png used on input line 101.
(pdftex.def)             Requested size: 185.94423pt x 272.70566pt.

<photos/complimenter_simulation.png, id=85, 705.00891pt x 132.11859pt>
File: photos/complimenter_simulation.png Graphic file (type png)

<use photos/complimenter_simulation.png>
Package pdftex.def Info: photos/complimenter_simulation.png used on input line 
103.
(pdftex.def)             Requested size: 352.50359pt x 66.05913pt.

Underfull \hbox (badness 10000) in paragraph at lines 101--106
[] 
 []


Overfull \hbox (7.50359pt too wide) in paragraph at lines 101--106
[]
 []


Underfull \hbox (badness 10000) in paragraph at lines 101--106

 []

<photos/twoscomplement_code.png, id=86, 487.8225pt x 561.22173pt>
File: photos/twoscomplement_code.png Graphic file (type png)

<use photos/twoscomplement_code.png>
Package pdftex.def Info: photos/twoscomplement_code.png used on input line 109.

(pdftex.def)             Requested size: 243.91064pt x 280.61017pt.

<photos/twocomplement_simulation.png, id=87, 691.45828pt x 162.2311pt>
File: photos/twocomplement_simulation.png Graphic file (type png)

<use photos/twocomplement_simulation.png>
Package pdftex.def Info: photos/twocomplement_simulation.png used on input line
 111.
(pdftex.def)             Requested size: 345.72829pt x 81.11534pt.

Underfull \hbox (badness 10000) in paragraph at lines 109--114
[] 
 []


Overfull \hbox (0.72829pt too wide) in paragraph at lines 109--114
[]
 []


Underfull \hbox (badness 10000) in paragraph at lines 109--114

 []

[11 <./photos/complementer_code.png> <./photos/complimenter_simulation.png>]
Underfull \hbox (badness 10000) in paragraph at lines 116--117

 []

[12 <./photos/twoscomplement_code.png> <./photos/twocomplement_simulation.png>]

Underfull \hbox (badness 10000) in paragraph at lines 118--119

 []

[13] [14] (./31L.aux) ) 
Here is how much of TeX's memory you used:
 1838 strings out of 493089
 27275 string characters out of 6134842
 85069 words of memory out of 5000000
 5291 multiletter control sequences out of 15000+600000
 7587 words of font info for 27 fonts, out of 8000000 for 9000
 1141 hyphenation exceptions out of 8191
 37i,6n,23p,1382b,201s stack positions out of 5000i,500n,10000p,200000b,80000s
</usr/local/texlive/2015/texmf-dist/fonts/type1/public/a
msfonts/cm/cmbx12.pfb></usr/local/texlive/2015/texmf-dist/fonts/type1/public/am
sfonts/cm/cmr10.pfb></usr/local/texlive/2015/texmf-dist/fonts/type1/public/amsf
onts/cm/cmr12.pfb></usr/local/texlive/2015/texmf-dist/fonts/type1/public/amsfon
ts/cm/cmr17.pfb></usr/local/texlive/2015/texmf-dist/fonts/type1/public/amsfonts
/cm/cmsy10.pfb>
Output written on 31L.pdf (14 pages, 774303 bytes).
PDF statistics:
 123 PDF objects out of 1000 (max. 8388607)
 49 compressed objects within 1 object stream
 0 named destinations out of 1000 (max. 500000)
 131 words of extra memory for PDF output out of 10000 (max. 10000000)

